<?xml version="1.0" encoding="UTF-8"?>
<!-- Generated by org.testng.reporters.JUnitReportReporter -->
<testsuite hostname="DESKTOP-3BP8S7P" failures="0" tests="3" name="ApiRequests.DynamicJsonDataProvider" time="4.280" errors="0" timestamp="2023-04-07T14:54:24 CDT" skipped="0">
  <testcase classname="ApiRequests.DynamicJsonDataProvider" name="addBook" time="2.240"/>
  <system-out/>
  <testcase classname="ApiRequests.DynamicJsonDataProvider" name="addBook" time="1.028"/>
  <system-out/>
  <testcase classname="ApiRequests.DynamicJsonDataProvider" name="addBook" time="1.012"/>
  <system-out/>
</testsuite> <!-- ApiRequests.DynamicJsonDataProvider -->
