<?xml version="1.0" encoding="UTF-8"?>
<!-- Generated by org.testng.reporters.JUnitReportReporter -->
<testsuite hostname="DESKTOP-3BP8S7P" failures="0" tests="1" name="ApiRequests.StaticJsonFilesBooks" time="1.691" errors="0" timestamp="2023-04-07T16:00:05 CDT" skipped="0">
  <testcase classname="ApiRequests.StaticJsonFilesBooks" name="addBook" time="1.691"/>
  <system-out/>
</testsuite> <!-- ApiRequests.StaticJsonFilesBooks -->
