<?xml version="1.0" encoding="UTF-8"?>
<!-- Generated by org.testng.reporters.JUnitReportReporter -->
<testsuite hostname="DESKTOP-3BP8S7P" failures="0" tests="1" name="ApiRequests.StaticJsonFiles" time="2.041" errors="0" timestamp="2023-04-07T15:41:47 CDT" skipped="0">
  <testcase classname="ApiRequests.StaticJsonFiles" name="addBook" time="2.041"/>
  <system-out/>
</testsuite> <!-- ApiRequests.StaticJsonFiles -->
